<?xml version="1.0" encoding="UTF-8"?>
<testng-results skipped="0" failed="0" total="1" passed="1">
  <reporter-output>
  </reporter-output>
  <suite name="Suite1" duration-ms="18898" started-at="2015-04-22T01:58:39Z" finished-at="2015-04-22T01:58:58Z">
    <groups>
    </groups>
    <test name="Regression1" duration-ms="18898" started-at="2015-04-22T01:58:39Z" finished-at="2015-04-22T01:58:58Z">
      <class name="com.hemanta.automation.automation.DemoSauceTest">
        <test-method status="PASS" signature="setUp(java.lang.String, java.lang.String, java.lang.String, java.lang.String, java.lang.String, java.lang.reflect.Method)[pri:0, instance:com.hemanta.automation.automation.DemoSauceTest@45c8e616]" name="setUp" is-config="true" duration-ms="12899" started-at="2015-04-21T18:58:39Z" finished-at="2015-04-21T18:58:52Z">
          <params>
            <param index="0">
              <value>
                <![CDATA[kumar_hemanta]]>
              </value>
            </param>
            <param index="1">
              <value>
                <![CDATA[540440a3-f43f-4e65-a507-270454fddb8d]]>
              </value>
            </param>
            <param index="2">
              <value>
                <![CDATA[mac]]>
              </value>
            </param>
            <param index="3">
              <value>
                <![CDATA[firefox]]>
              </value>
            </param>
            <param index="4">
              <value>
                <![CDATA[17]]>
              </value>
            </param>
            <param index="5">
              <value>
                <![CDATA[public void com.hemanta.automation.automation.DemoSauceTest.webDriver() throws java.lang.Exception]]>
              </value>
            </param>
          </params>
          <reporter-output>
          </reporter-output>
        </test-method> <!-- setUp -->
        <test-method status="PASS" signature="webDriver()[pri:0, instance:com.hemanta.automation.automation.DemoSauceTest@45c8e616]" name="webDriver" duration-ms="5646" started-at="2015-04-21T18:58:52Z" finished-at="2015-04-21T18:58:57Z">
          <reporter-output>
          </reporter-output>
        </test-method> <!-- webDriver -->
        <test-method status="PASS" signature="tearDown()[pri:0, instance:com.hemanta.automation.automation.DemoSauceTest@45c8e616]" name="tearDown" is-config="true" duration-ms="339" started-at="2015-04-21T18:58:57Z" finished-at="2015-04-21T18:58:58Z">
          <reporter-output>
          </reporter-output>
        </test-method> <!-- tearDown -->
      </class> <!-- com.hemanta.automation.automation.DemoSauceTest -->
    </test> <!-- Regression1 -->
  </suite> <!-- Suite1 -->
</testng-results>
