<?xml version="1.0" encoding="UTF-8"?>
<testng-results skipped="0" failed="0" total="1" passed="1">
  <reporter-output>
  </reporter-output>
  <suite name="com.hemanta.automation.automation.DemoSauceTest" duration-ms="22185" started-at="2015-04-21T19:18:04Z" finished-at="2015-04-21T19:18:26Z">
    <groups>
    </groups>
    <test name="Command line test" duration-ms="22185" started-at="2015-04-21T19:18:04Z" finished-at="2015-04-21T19:18:26Z">
      <class name="com.hemanta.automation.automation.DemoSauceTest">
        <test-method status="PASS" signature="setUp(java.lang.String, java.lang.String, java.lang.String, java.lang.String, java.lang.String, java.lang.reflect.Method)" name="setUp" is-config="true" duration-ms="12193" started-at="2015-04-21T19:18:04Z" finished-at="2015-04-21T19:18:16Z">
          <params>
            <param index="0">
              <value>
                <![CDATA[kumar_hemanta]]>
              </value>
            </param>
            <param index="1">
              <value>
                <![CDATA[540440a3-f43f-4e65-a507-270454fddb8d]]>
              </value>
            </param>
            <param index="2">
              <value>
                <![CDATA[mac]]>
              </value>
            </param>
            <param index="3">
              <value>
                <![CDATA[firefox]]>
              </value>
            </param>
            <param index="4">
              <value>
                <![CDATA[17]]>
              </value>
            </param>
            <param index="5">
              <value>
                <![CDATA[public void com.hemanta.automation.automation.DemoSauceTest.webDriver() throws java.lang.Exception]]>
              </value>
            </param>
          </params>
        </test-method>
        <test-method status="PASS" signature="webDriver()" name="webDriver" duration-ms="9258" started-at="2015-04-21T19:18:16Z" finished-at="2015-04-21T19:18:25Z">
        </test-method>
        <test-method status="PASS" signature="tearDown()" name="tearDown" is-config="true" duration-ms="723" started-at="2015-04-21T19:18:25Z" finished-at="2015-04-21T19:18:26Z">
        </test-method>
      </class>
    </test>
  </suite>
</testng-results>
